\BOOKMARK [1][]{section*.1}{\376\377\000R\000e\000s\000e\000a\000r\000c\000h\000\040\000I\000n\000t\000e\000r\000e\000s\000t\000s}{}% 1
\BOOKMARK [1][]{section*.2}{\376\377\000E\000d\000u\000c\000a\000t\000i\000o\000n}{}% 2
\BOOKMARK [1][]{section*.3}{\376\377\000H\000o\000n\000o\000r\000s\000\040\000a\000n\000d\000\040\000A\000w\000a\000r\000d\000s}{}% 3
\BOOKMARK [2][]{section*.4}{\376\377\000C\000o\000m\000p\000u\000t\000e\000r\000\040\000r\000e\000l\000a\000t\000e\000d\000:}{section*.3}% 4
\BOOKMARK [2][]{section*.5}{\376\377\000P\000h\000y\000s\000i\000c\000s\000\040\000r\000e\000l\000a\000t\000e\000d\000:}{section*.3}% 5
\BOOKMARK [1][]{section*.6}{\376\377\000F\000e\000l\000l\000o\000w\000s\000h\000i\000p\000s\000\040\000\046\000\040\000G\000r\000a\000n\000t\000s}{}% 6
\BOOKMARK [1][]{section*.7}{\376\377\000R\000e\000s\000e\000a\000r\000c\000h\000\040\000E\000x\000p\000e\000r\000i\000e\000n\000c\000e}{}% 7
\BOOKMARK [1][]{section*.8}{\376\377\000C\000o\000m\000p\000u\000t\000e\000r\000\040\000S\000k\000i\000l\000l\000s}{}% 8
\BOOKMARK [1][]{section*.9}{\376\377\000P\000u\000b\000l\000i\000c\000a\000t\000i\000o\000n\000s}{}% 9
\BOOKMARK [1][]{section*.10}{\376\377\000I\000n\000v\000i\000t\000e\000d\000\040\000L\000e\000c\000t\000u\000r\000e\000s}{}% 10
\BOOKMARK [2][]{section*.11}{\376\377\000T\000o\000p\000i\000c\000s\000:}{section*.10}% 11
\BOOKMARK [2][]{section*.12}{\376\377\000T\000o\000p\000i\000c\000s\000:}{section*.10}% 12
\BOOKMARK [1][]{section*.13}{\376\377\000N\000a\000t\000i\000o\000n\000a\000l\000\040\000P\000r\000o\000j\000e\000c\000t\000s}{}% 13
\BOOKMARK [2][]{section*.14}{\376\377\000A\000w\000a\000r\000d\000s\000\040\000\046\000\040\000G\000r\000a\000n\000t\000s\000:}{section*.13}% 14
\BOOKMARK [1][]{section*.15}{\376\377\000O\000t\000h\000e\000r\000\040\000P\000r\000o\000j\000e\000c\000t\000s}{}% 15
\BOOKMARK [2][]{section*.16}{\376\377\000G\000r\000a\000n\000t\000\040\000\046\000\040\000C\000e\000r\000t\000i\000f\000i\000c\000a\000t\000i\000o\000n\000:}{section*.15}% 16
\BOOKMARK [1][]{section*.17}{\376\377\000C\000o\000u\000r\000s\000e\000\040\000P\000r\000o\000j\000e\000c\000t\000s\000\040\000\046\000\040\000P\000r\000e\000s\000e\000n\000t\000a\000t\000i\000o\000n\000s}{}% 17
\BOOKMARK [2][]{section*.18}{\376\377\000G\000r\000a\000d\000u\000a\000t\000e\000\040\000C\000o\000u\000r\000s\000e\000s\000\040\000a\000t\000\040\000I\000s\000f\000a\000h\000a\000n\000\040\000U\000n\000i\000v\000e\000r\000s\000i\000t\000y\000\040\000o\000f\000\040\000T\000e\000c\000h\000n\000o\000l\000o\000g\000y}{section*.17}% 18
\BOOKMARK [2][]{section*.19}{\376\377\000U\000n\000d\000e\000r\000g\000r\000a\000d\000u\000a\000t\000e\000\040\000C\000o\000u\000r\000s\000e\000s\000\040\000a\000t\000\040\000I\000s\000f\000a\000h\000a\000n\000\040\000U\000n\000i\000v\000e\000r\000s\000i\000t\000y\000\040\000o\000f\000\040\000T\000e\000c\000h\000n\000o\000l\000o\000g\000y}{section*.17}% 19
\BOOKMARK [1][]{section*.20}{\376\377\000W\000o\000r\000k\000\040\000E\000x\000p\000e\000r\000i\000e\000n\000c\000e}{}% 20
\BOOKMARK [2][]{section*.21}{\376\377\000V\000o\000c\000a\000t\000i\000o\000n\000a\000l}{section*.20}% 21
\BOOKMARK [2][]{section*.22}{\376\377\000M\000i\000s\000c\000e\000l\000l\000a\000n\000e\000o\000u\000s}{section*.20}% 22
\BOOKMARK [1][]{section*.23}{\376\377\000T\000e\000a\000c\000h\000i\000n\000g\000\040\000E\000x\000p\000e\000r\000i\000e\000n\000c\000e}{}% 23
\BOOKMARK [2][]{section*.24}{\376\377\000T\000e\000a\000c\000h\000e\000r\000\040\000A\000s\000s\000i\000s\000t\000a\000n\000t}{section*.23}% 24
\BOOKMARK [1][]{section*.25}{\376\377\000P\000r\000o\000f\000e\000s\000s\000i\000o\000n\000a\000l\000\040\000M\000e\000m\000b\000e\000r\000s\000h\000i\000p}{}% 25
\BOOKMARK [1][]{section*.26}{\376\377\000N\000o\000n\000-\000A\000c\000a\000d\000e\000m\000i\000c\000\040\000C\000o\000u\000r\000s\000e\000s}{}% 26
\BOOKMARK [1][]{section*.27}{\376\377\000P\000a\000r\000t\000i\000c\000i\000p\000a\000t\000i\000o\000n\000\040\000i\000n\000\040\000C\000o\000n\000f\000e\000r\000e\000n\000c\000e\000s}{}% 27
\BOOKMARK [1][]{section*.28}{\376\377\000C\000o\000n\000f\000e\000r\000e\000n\000c\000e\000\040\000O\000r\000g\000a\000n\000i\000z\000a\000t\000i\000o\000n}{}% 28
